{"contracts\\contracts\\MockOracle.sol":{"l":{"15":1,"16":1,"17":1,"18":1,"22":2,"26":3,"27":2,"28":1,"29":1},"path":"C:\\Users\\PC\\Desktop\\Test_Sys\\Proiect---Testarea-Sistemelor-Software\\contracts\\contracts\\MockOracle.sol","s":{"1":1,"2":2,"3":3,"4":2,"5":1},"b":{"1":[0,1],"2":[1,2],"3":[1,1]},"f":{"1":1,"2":2,"3":3},"fnMap":{"1":{"name":"constructor","line":14,"loc":{"start":{"line":14,"column":4},"end":{"line":19,"column":4}}},"2":{"name":"latestAnswer","line":21,"loc":{"start":{"line":21,"column":4},"end":{"line":23,"column":4}}},"3":{"name":"setPrice","line":25,"loc":{"start":{"line":25,"column":4},"end":{"line":30,"column":4}}}},"statementMap":{"1":{"start":{"line":15,"column":8},"end":{"line":15,"column":53}},"2":{"start":{"line":22,"column":8},"end":{"line":22,"column":21}},"3":{"start":{"line":26,"column":8},"end":{"line":26,"column":50}},"4":{"start":{"line":27,"column":8},"end":{"line":27,"column":48}},"5":{"start":{"line":29,"column":8},"end":{"line":29,"column":35}}},"branchMap":{"1":{"line":15,"type":"if","locations":[{"start":{"line":15,"column":8},"end":{"line":15,"column":8}},{"start":{"line":15,"column":8},"end":{"line":15,"column":8}}]},"2":{"line":26,"type":"if","locations":[{"start":{"line":26,"column":8},"end":{"line":26,"column":8}},{"start":{"line":26,"column":8},"end":{"line":26,"column":8}}]},"3":{"line":27,"type":"if","locations":[{"start":{"line":27,"column":8},"end":{"line":27,"column":8}},{"start":{"line":27,"column":8},"end":{"line":27,"column":8}}]}}},"contracts\\contracts\\Subscriptions.sol":{"l":{"42":5,"43":1,"47":27,"48":24,"52":2,"53":2,"54":2,"55":2,"56":2,"62":7,"63":6,"64":6,"71":1,"73":1,"76":1,"77":1,"80":1,"81":1,"84":1,"85":1,"86":1,"87":1,"91":1,"92":1,"93":1,"94":1,"95":1,"97":1,"98":1,"103":6,"105":6,"106":6,"108":6,"109":6,"110":3,"113":6,"114":6,"115":6,"116":6,"117":6,"119":6,"120":6,"125":4,"127":4,"128":4,"129":4,"131":4,"133":4,"134":4,"135":4,"136":4,"137":4,"139":4,"140":4,"144":1,"145":1,"146":1,"148":1,"150":1,"151":1,"153":1,"157":1,"158":1,"159":1,"160":1,"166":5,"167":5,"168":5,"170":3,"171":3,"172":3,"174":3,"176":3,"177":3,"179":3,"180":3,"181":3,"185":0,"186":0,"192":0,"196":0,"200":0,"207":0,"208":0,"212":0,"213":0,"217":0,"218":0,"219":0,"223":1,"224":1,"229":0,"230":0,"231":0,"232":0,"237":0,"238":0,"242":14,"243":14},"path":"C:\\Users\\PC\\Desktop\\Test_Sys\\Proiect---Testarea-Sistemelor-Software\\contracts\\contracts\\Subscriptions.sol","s":{"1":5,"2":27,"3":2,"4":7,"5":6,"6":1,"7":1,"8":1,"9":1,"10":1,"11":1,"12":1,"13":1,"14":1,"15":1,"16":1,"17":1,"18":1,"19":6,"20":6,"21":6,"22":6,"23":6,"24":6,"25":6,"26":6,"27":6,"28":6,"29":4,"30":4,"31":4,"32":4,"33":4,"34":4,"35":4,"36":4,"37":4,"38":1,"39":1,"40":1,"41":1,"42":1,"43":1,"44":1,"45":1,"46":5,"47":0,"48":5,"49":5,"50":2,"51":3,"52":3,"53":3,"54":0,"55":3,"56":3,"57":3,"58":3,"59":0,"60":0,"61":0,"62":0,"63":0,"64":0,"65":0,"66":0,"67":1,"68":0,"69":0,"70":0,"71":0,"72":14,"73":14},"b":{"1":[4,1],"2":[3,24],"3":[0,2],"4":[7,1],"5":[1,6],"6":[1,0],"7":[0,1],"8":[0,1],"9":[1,0],"10":[1,0],"11":[0,1],"12":[6,0],"13":[0,6],"14":[0,6],"15":[3,3],"16":[0,6],"17":[4,0],"18":[0,4],"19":[0,4],"20":[2,2],"21":[1,1],"22":[0,1],"23":[0,1],"24":[1,0],"25":[5,1],"26":[0,5],"27":[2,3],"28":[0,2],"29":[0,3],"30":[0,1],"31":[0,1],"32":[0,1],"33":[0,0],"34":[1,1],"35":[0,0],"36":[0,0],"37":[0,0],"38":[0,0]},"f":{"1":5,"2":27,"3":2,"4":7,"5":1,"6":6,"7":4,"8":1,"9":1,"10":5,"11":0,"12":0,"13":0,"14":0,"15":0,"16":0,"17":0,"18":1,"19":0,"20":14},"fnMap":{"1":{"name":"onlyOwner","line":41,"loc":{"start":{"line":41,"column":4},"end":{"line":44,"column":4}}},"2":{"name":"notPaused","line":46,"loc":{"start":{"line":46,"column":4},"end":{"line":49,"column":4}}},"3":{"name":"constructor","line":51,"loc":{"start":{"line":51,"column":4},"end":{"line":57,"column":4}}},"4":{"name":"deposit","line":61,"loc":{"start":{"line":61,"column":4},"end":{"line":65,"column":4}}},"5":{"name":"subscribe","line":70,"loc":{"start":{"line":70,"column":4},"end":{"line":99,"column":4}}},"6":{"name":"subscribeFromWallet","line":102,"loc":{"start":{"line":102,"column":4},"end":{"line":121,"column":4}}},"7":{"name":"subscribeFromBalance","line":124,"loc":{"start":{"line":124,"column":4},"end":{"line":141,"column":4}}},"8":{"name":"withdraw","line":143,"loc":{"start":{"line":143,"column":4},"end":{"line":154,"column":4}}},"9":{"name":"cancelSubscription","line":156,"loc":{"start":{"line":156,"column":4},"end":{"line":161,"column":4}}},"10":{"name":"processRenewal","line":165,"loc":{"start":{"line":165,"column":4},"end":{"line":182,"column":4}}},"11":{"name":"setAutoRenew","line":184,"loc":{"start":{"line":184,"column":4},"end":{"line":187,"column":4}}},"12":{"name":"isActive","line":191,"loc":{"start":{"line":191,"column":4},"end":{"line":193,"column":4}}},"13":{"name":"quote","line":195,"loc":{"start":{"line":195,"column":4},"end":{"line":197,"column":4}}},"14":{"name":"periodsCost","line":199,"loc":{"start":{"line":199,"column":4},"end":{"line":201,"column":4}}},"15":{"name":"setPrice","line":206,"loc":{"start":{"line":206,"column":4},"end":{"line":209,"column":4}}},"16":{"name":"setPeriod","line":211,"loc":{"start":{"line":211,"column":4},"end":{"line":214,"column":4}}},"17":{"name":"setTreasury","line":216,"loc":{"start":{"line":216,"column":4},"end":{"line":220,"column":4}}},"18":{"name":"setPaused","line":222,"loc":{"start":{"line":222,"column":4},"end":{"line":225,"column":4}}},"19":{"name":"ownerWithdraw","line":228,"loc":{"start":{"line":228,"column":4},"end":{"line":233,"column":4}}},"20":{"name":"_sendRevenueToTreasury","line":241,"loc":{"start":{"line":241,"column":4},"end":{"line":244,"column":4}}}},"statementMap":{"1":{"start":{"line":42,"column":8},"end":{"line":42,"column":50}},"2":{"start":{"line":47,"column":8},"end":{"line":47,"column":38}},"3":{"start":{"line":52,"column":8},"end":{"line":52,"column":57}},"4":{"start":{"line":62,"column":8},"end":{"line":62,"column":47}},"5":{"start":{"line":64,"column":8},"end":{"line":64,"column":45}},"6":{"start":{"line":71,"column":8},"end":{"line":71,"column":45}},"7":{"start":{"line":73,"column":8},"end":{"line":73,"column":50}},"8":{"start":{"line":76,"column":8},"end":{"line":76,"column":57}},"9":{"start":{"line":77,"column":8},"end":{"line":77,"column":61}},"10":{"start":{"line":80,"column":8},"end":{"line":80,"column":92}},"11":{"start":{"line":84,"column":8},"end":{"line":84,"column":46}},"12":{"start":{"line":85,"column":8},"end":{"line":85,"column":48}},"13":{"start":{"line":86,"column":8},"end":{"line":86,"column":3248}},"14":{"start":{"line":91,"column":8},"end":{"line":91,"column":39}},"15":{"start":{"line":92,"column":8},"end":{"line":92,"column":96}},"16":{"start":{"line":93,"column":8},"end":{"line":93,"column":59}},"17":{"start":{"line":97,"column":8},"end":{"line":97,"column":47}},"18":{"start":{"line":98,"column":8},"end":{"line":98,"column":57}},"19":{"start":{"line":103,"column":8},"end":{"line":103,"column":45}},"20":{"start":{"line":105,"column":8},"end":{"line":105,"column":50}},"21":{"start":{"line":106,"column":8},"end":{"line":106,"column":71}},"22":{"start":{"line":108,"column":8},"end":{"line":108,"column":43}},"23":{"start":{"line":109,"column":8},"end":{"line":109,"column":4217}},"24":{"start":{"line":113,"column":8},"end":{"line":113,"column":39}},"25":{"start":{"line":114,"column":8},"end":{"line":114,"column":96}},"26":{"start":{"line":115,"column":8},"end":{"line":115,"column":59}},"27":{"start":{"line":119,"column":8},"end":{"line":119,"column":47}},"28":{"start":{"line":120,"column":8},"end":{"line":120,"column":57}},"29":{"start":{"line":125,"column":8},"end":{"line":125,"column":45}},"30":{"start":{"line":127,"column":8},"end":{"line":127,"column":50}},"31":{"start":{"line":128,"column":8},"end":{"line":128,"column":44}},"32":{"start":{"line":129,"column":8},"end":{"line":129,"column":59}},"33":{"start":{"line":133,"column":8},"end":{"line":133,"column":39}},"34":{"start":{"line":134,"column":8},"end":{"line":134,"column":96}},"35":{"start":{"line":135,"column":8},"end":{"line":135,"column":59}},"36":{"start":{"line":139,"column":8},"end":{"line":139,"column":47}},"37":{"start":{"line":140,"column":8},"end":{"line":140,"column":57}},"38":{"start":{"line":144,"column":8},"end":{"line":144,"column":47}},"39":{"start":{"line":145,"column":8},"end":{"line":145,"column":44}},"40":{"start":{"line":146,"column":8},"end":{"line":146,"column":69}},"41":{"start":{"line":150,"column":8},"end":{"line":150,"column":59}},"42":{"start":{"line":151,"column":8},"end":{"line":151,"column":37}},"43":{"start":{"line":153,"column":8},"end":{"line":153,"column":45}},"44":{"start":{"line":157,"column":8},"end":{"line":157,"column":59}},"45":{"start":{"line":160,"column":8},"end":{"line":160,"column":78}},"46":{"start":{"line":166,"column":8},"end":{"line":166,"column":49}},"47":{"start":{"line":166,"column":37},"end":{"line":166,"column":49}},"48":{"start":{"line":167,"column":8},"end":{"line":167,"column":45}},"49":{"start":{"line":168,"column":8},"end":{"line":168,"column":63}},"50":{"start":{"line":168,"column":51},"end":{"line":168,"column":63}},"51":{"start":{"line":170,"column":8},"end":{"line":170,"column":40}},"52":{"start":{"line":171,"column":8},"end":{"line":171,"column":38}},"53":{"start":{"line":172,"column":8},"end":{"line":172,"column":36}},"54":{"start":{"line":172,"column":24},"end":{"line":172,"column":36}},"55":{"start":{"line":176,"column":8},"end":{"line":176,"column":58}},"56":{"start":{"line":179,"column":8},"end":{"line":179,"column":41}},"57":{"start":{"line":180,"column":8},"end":{"line":180,"column":53}},"58":{"start":{"line":181,"column":8},"end":{"line":181,"column":19}},"59":{"start":{"line":186,"column":8},"end":{"line":186,"column":46}},"60":{"start":{"line":192,"column":8},"end":{"line":192,"column":55}},"61":{"start":{"line":196,"column":8},"end":{"line":196,"column":42}},"62":{"start":{"line":200,"column":8},"end":{"line":200,"column":33}},"63":{"start":{"line":208,"column":8},"end":{"line":208,"column":38}},"64":{"start":{"line":213,"column":8},"end":{"line":213,"column":44}},"65":{"start":{"line":217,"column":8},"end":{"line":217,"column":59}},"66":{"start":{"line":219,"column":8},"end":{"line":219,"column":41}},"67":{"start":{"line":224,"column":8},"end":{"line":224,"column":22}},"68":{"start":{"line":229,"column":8},"end":{"line":229,"column":47}},"69":{"start":{"line":230,"column":8},"end":{"line":230,"column":105}},"70":{"start":{"line":231,"column":8},"end":{"line":231,"column":54}},"71":{"start":{"line":232,"column":8},"end":{"line":232,"column":40}},"72":{"start":{"line":242,"column":8},"end":{"line":242,"column":61}},"73":{"start":{"line":243,"column":8},"end":{"line":243,"column":51}}},"branchMap":{"1":{"line":42,"type":"if","locations":[{"start":{"line":42,"column":8},"end":{"line":42,"column":8}},{"start":{"line":42,"column":8},"end":{"line":42,"column":8}}]},"2":{"line":47,"type":"if","locations":[{"start":{"line":47,"column":8},"end":{"line":47,"column":8}},{"start":{"line":47,"column":8},"end":{"line":47,"column":8}}]},"3":{"line":52,"type":"if","locations":[{"start":{"line":52,"column":8},"end":{"line":52,"column":8}},{"start":{"line":52,"column":8},"end":{"line":52,"column":8}}]},"4":{"line":61,"type":"if","locations":[{"start":{"line":61,"column":40},"end":{"line":61,"column":40}},{"start":{"line":61,"column":40},"end":{"line":61,"column":40}}]},"5":{"line":62,"type":"if","locations":[{"start":{"line":62,"column":8},"end":{"line":62,"column":8}},{"start":{"line":62,"column":8},"end":{"line":62,"column":8}}]},"6":{"line":70,"type":"if","locations":[{"start":{"line":70,"column":57},"end":{"line":70,"column":57}},{"start":{"line":70,"column":57},"end":{"line":70,"column":57}}]},"7":{"line":71,"type":"if","locations":[{"start":{"line":71,"column":8},"end":{"line":71,"column":8}},{"start":{"line":71,"column":8},"end":{"line":71,"column":8}}]},"8":{"line":77,"type":"if","locations":[{"start":{"line":77,"column":8},"end":{"line":77,"column":8}},{"start":{"line":77,"column":8},"end":{"line":77,"column":8}}]},"9":{"line":80,"type":"if","locations":[{"start":{"line":80,"column":63},"end":{"line":80,"column":66}},{"start":{"line":80,"column":70},"end":{"line":80,"column":91}}]},"10":{"line":86,"type":"if","locations":[{"start":{"line":86,"column":8},"end":{"line":86,"column":8}},{"start":{"line":86,"column":8},"end":{"line":86,"column":8}}]},"11":{"line":92,"type":"if","locations":[{"start":{"line":92,"column":61},"end":{"line":92,"column":87}},{"start":{"line":92,"column":91},"end":{"line":92,"column":95}}]},"12":{"line":102,"type":"if","locations":[{"start":{"line":102,"column":67},"end":{"line":102,"column":67}},{"start":{"line":102,"column":67},"end":{"line":102,"column":67}}]},"13":{"line":103,"type":"if","locations":[{"start":{"line":103,"column":8},"end":{"line":103,"column":8}},{"start":{"line":103,"column":8},"end":{"line":103,"column":8}}]},"14":{"line":106,"type":"if","locations":[{"start":{"line":106,"column":8},"end":{"line":106,"column":8}},{"start":{"line":106,"column":8},"end":{"line":106,"column":8}}]},"15":{"line":109,"type":"if","locations":[{"start":{"line":109,"column":8},"end":{"line":109,"column":8}},{"start":{"line":109,"column":8},"end":{"line":109,"column":8}}]},"16":{"line":114,"type":"if","locations":[{"start":{"line":114,"column":61},"end":{"line":114,"column":87}},{"start":{"line":114,"column":91},"end":{"line":114,"column":95}}]},"17":{"line":124,"type":"if","locations":[{"start":{"line":124,"column":60},"end":{"line":124,"column":60}},{"start":{"line":124,"column":60},"end":{"line":124,"column":60}}]},"18":{"line":125,"type":"if","locations":[{"start":{"line":125,"column":8},"end":{"line":125,"column":8}},{"start":{"line":125,"column":8},"end":{"line":125,"column":8}}]},"19":{"line":129,"type":"if","locations":[{"start":{"line":129,"column":8},"end":{"line":129,"column":8}},{"start":{"line":129,"column":8},"end":{"line":129,"column":8}}]},"20":{"line":134,"type":"if","locations":[{"start":{"line":134,"column":61},"end":{"line":134,"column":87}},{"start":{"line":134,"column":91},"end":{"line":134,"column":95}}]},"21":{"line":143,"type":"if","locations":[{"start":{"line":143,"column":50},"end":{"line":143,"column":50}},{"start":{"line":143,"column":50},"end":{"line":143,"column":50}}]},"22":{"line":144,"type":"if","locations":[{"start":{"line":144,"column":8},"end":{"line":144,"column":8}},{"start":{"line":144,"column":8},"end":{"line":144,"column":8}}]},"23":{"line":146,"type":"if","locations":[{"start":{"line":146,"column":8},"end":{"line":146,"column":8}},{"start":{"line":146,"column":8},"end":{"line":146,"column":8}}]},"24":{"line":151,"type":"if","locations":[{"start":{"line":151,"column":8},"end":{"line":151,"column":8}},{"start":{"line":151,"column":8},"end":{"line":151,"column":8}}]},"25":{"line":165,"type":"if","locations":[{"start":{"line":165,"column":51},"end":{"line":165,"column":51}},{"start":{"line":165,"column":51},"end":{"line":165,"column":51}}]},"26":{"line":166,"type":"if","locations":[{"start":{"line":166,"column":8},"end":{"line":166,"column":8}},{"start":{"line":166,"column":8},"end":{"line":166,"column":8}}]},"27":{"line":168,"type":"if","locations":[{"start":{"line":168,"column":8},"end":{"line":168,"column":8}},{"start":{"line":168,"column":8},"end":{"line":168,"column":8}}]},"28":{"line":168,"type":"cond-expr","locations":[{"start":{"line":168,"column":12},"end":{"line":168,"column":21}},{"start":{"line":168,"column":26},"end":{"line":168,"column":48}}]},"29":{"line":172,"type":"if","locations":[{"start":{"line":172,"column":8},"end":{"line":172,"column":8}},{"start":{"line":172,"column":8},"end":{"line":172,"column":8}}]},"30":{"line":206,"type":"if","locations":[{"start":{"line":206,"column":52},"end":{"line":206,"column":52}},{"start":{"line":206,"column":52},"end":{"line":206,"column":52}}]},"31":{"line":211,"type":"if","locations":[{"start":{"line":211,"column":58},"end":{"line":211,"column":58}},{"start":{"line":211,"column":58},"end":{"line":211,"column":58}}]},"32":{"line":216,"type":"if","locations":[{"start":{"line":216,"column":55},"end":{"line":216,"column":55}},{"start":{"line":216,"column":55},"end":{"line":216,"column":55}}]},"33":{"line":217,"type":"if","locations":[{"start":{"line":217,"column":8},"end":{"line":217,"column":8}},{"start":{"line":217,"column":8},"end":{"line":217,"column":8}}]},"34":{"line":222,"type":"if","locations":[{"start":{"line":222,"column":40},"end":{"line":222,"column":40}},{"start":{"line":222,"column":40},"end":{"line":222,"column":40}}]},"35":{"line":228,"type":"if","locations":[{"start":{"line":228,"column":55},"end":{"line":228,"column":55}},{"start":{"line":228,"column":55},"end":{"line":228,"column":55}}]},"36":{"line":229,"type":"if","locations":[{"start":{"line":229,"column":8},"end":{"line":229,"column":8}},{"start":{"line":229,"column":8},"end":{"line":229,"column":8}}]},"37":{"line":230,"type":"if","locations":[{"start":{"line":230,"column":8},"end":{"line":230,"column":8}},{"start":{"line":230,"column":8},"end":{"line":230,"column":8}}]},"38":{"line":232,"type":"if","locations":[{"start":{"line":232,"column":8},"end":{"line":232,"column":8}},{"start":{"line":232,"column":8},"end":{"line":232,"column":8}}]}}},"contracts\\contracts\\Treasury.sol":{"l":{"19":12,"20":8,"24":16,"25":15,"29":4,"30":4,"34":4,"35":4,"36":4,"40":15,"41":15,"45":2,"46":2,"50":0,"54":2,"55":2,"56":2,"57":2,"58":2},"path":"C:\\Users\\PC\\Desktop\\Test_Sys\\Proiect---Testarea-Sistemelor-Software\\contracts\\contracts\\Treasury.sol","s":{"1":12,"2":16,"3":4,"4":4,"5":4,"6":15,"7":15,"8":2,"9":2,"10":0,"11":2,"12":2,"13":2,"14":2,"15":2},"b":{"1":[4,8],"2":[1,15],"3":[0,4],"4":[4,1],"5":[0,4],"6":[15,1],"7":[0,15],"8":[2,1],"9":[0,2],"10":[0,1],"11":[2,1],"12":[0,2],"13":[0,2],"14":[0,2]},"f":{"1":12,"2":16,"3":4,"4":4,"5":15,"6":2,"7":0,"8":2},"fnMap":{"1":{"name":"onlyAdmin","line":18,"loc":{"start":{"line":18,"column":4},"end":{"line":21,"column":4}}},"2":{"name":"onlySubscription","line":23,"loc":{"start":{"line":23,"column":4},"end":{"line":26,"column":4}}},"3":{"name":"constructor","line":28,"loc":{"start":{"line":28,"column":4},"end":{"line":31,"column":4}}},"4":{"name":"setSubscription","line":33,"loc":{"start":{"line":33,"column":4},"end":{"line":37,"column":4}}},"5":{"name":"depositRevenue","line":39,"loc":{"start":{"line":39,"column":4},"end":{"line":42,"column":4}}},"6":{"name":"adminDeposit","line":44,"loc":{"start":{"line":44,"column":4},"end":{"line":47,"column":4}}},"7":{"name":"adminBalance","line":49,"loc":{"start":{"line":49,"column":4},"end":{"line":51,"column":4}}},"8":{"name":"withdraw","line":53,"loc":{"start":{"line":53,"column":4},"end":{"line":59,"column":4}}}},"statementMap":{"1":{"start":{"line":19,"column":8},"end":{"line":19,"column":50}},"2":{"start":{"line":24,"column":8},"end":{"line":24,"column":64}},"3":{"start":{"line":29,"column":8},"end":{"line":29,"column":54}},"4":{"start":{"line":34,"column":8},"end":{"line":34,"column":61}},"5":{"start":{"line":36,"column":8},"end":{"line":36,"column":43}},"6":{"start":{"line":40,"column":8},"end":{"line":40,"column":47}},"7":{"start":{"line":41,"column":8},"end":{"line":41,"column":52}},"8":{"start":{"line":45,"column":8},"end":{"line":45,"column":47}},"9":{"start":{"line":46,"column":8},"end":{"line":46,"column":52}},"10":{"start":{"line":50,"column":8},"end":{"line":50,"column":36}},"11":{"start":{"line":54,"column":8},"end":{"line":54,"column":50}},"12":{"start":{"line":55,"column":8},"end":{"line":55,"column":47}},"13":{"start":{"line":56,"column":8},"end":{"line":56,"column":51}},"14":{"start":{"line":57,"column":8},"end":{"line":57,"column":40}},"15":{"start":{"line":58,"column":8},"end":{"line":58,"column":37}}},"branchMap":{"1":{"line":19,"type":"if","locations":[{"start":{"line":19,"column":8},"end":{"line":19,"column":8}},{"start":{"line":19,"column":8},"end":{"line":19,"column":8}}]},"2":{"line":24,"type":"if","locations":[{"start":{"line":24,"column":8},"end":{"line":24,"column":8}},{"start":{"line":24,"column":8},"end":{"line":24,"column":8}}]},"3":{"line":29,"type":"if","locations":[{"start":{"line":29,"column":8},"end":{"line":29,"column":8}},{"start":{"line":29,"column":8},"end":{"line":29,"column":8}}]},"4":{"line":33,"type":"if","locations":[{"start":{"line":33,"column":61},"end":{"line":33,"column":61}},{"start":{"line":33,"column":61},"end":{"line":33,"column":61}}]},"5":{"line":34,"type":"if","locations":[{"start":{"line":34,"column":8},"end":{"line":34,"column":8}},{"start":{"line":34,"column":8},"end":{"line":34,"column":8}}]},"6":{"line":39,"type":"if","locations":[{"start":{"line":39,"column":47},"end":{"line":39,"column":47}},{"start":{"line":39,"column":47},"end":{"line":39,"column":47}}]},"7":{"line":40,"type":"if","locations":[{"start":{"line":40,"column":8},"end":{"line":40,"column":8}},{"start":{"line":40,"column":8},"end":{"line":40,"column":8}}]},"8":{"line":44,"type":"if","locations":[{"start":{"line":44,"column":45},"end":{"line":44,"column":45}},{"start":{"line":44,"column":45},"end":{"line":44,"column":45}}]},"9":{"line":45,"type":"if","locations":[{"start":{"line":45,"column":8},"end":{"line":45,"column":8}},{"start":{"line":45,"column":8},"end":{"line":45,"column":8}}]},"10":{"line":49,"type":"if","locations":[{"start":{"line":49,"column":42},"end":{"line":49,"column":42}},{"start":{"line":49,"column":42},"end":{"line":49,"column":42}}]},"11":{"line":53,"type":"if","locations":[{"start":{"line":53,"column":70},"end":{"line":53,"column":70}},{"start":{"line":53,"column":70},"end":{"line":53,"column":70}}]},"12":{"line":54,"type":"if","locations":[{"start":{"line":54,"column":8},"end":{"line":54,"column":8}},{"start":{"line":54,"column":8},"end":{"line":54,"column":8}}]},"13":{"line":55,"type":"if","locations":[{"start":{"line":55,"column":8},"end":{"line":55,"column":8}},{"start":{"line":55,"column":8},"end":{"line":55,"column":8}}]},"14":{"line":57,"type":"if","locations":[{"start":{"line":57,"column":8},"end":{"line":57,"column":8}},{"start":{"line":57,"column":8},"end":{"line":57,"column":8}}]}}}}